<?xml version="1.0" encoding="UTF-8"?>
<testsuite xmlns:xsi="http://www.w3.org/2001/XMLSchema-instance" xsi:noNamespaceSchemaLocation="https://maven.apache.org/surefire/maven-surefire-plugin/xsd/surefire-test-report-3.0.xsd" version="3.0" name="WEare.privatepart.EditProfileTests" time="91.42" tests="8" errors="0" skipped="0" failures="1">
  <properties>
[...]
</properties>
  <testcase name="changeCity_when_differentCityIsChosen" classname="WEare.privatepart.EditProfileTests" time="16.682">
    <failure message="Element with locator: &apos;//select[@id=&quot;selectC&quot;]//option[@selected=&quot;selected&quot;]&apos; was not found." type="org.opentest4j.AssertionFailedError"><![CDATA[org.opentest4j.AssertionFailedError: Element with locator: '//select[@id="selectC"]//option[@selected="selected"]' was not found.
	at org.junit.jupiter.api.AssertionUtils.fail(AssertionUtils.java:38)
	at org.junit.jupiter.api.Assertions.fail(Assertions.java:134)
	at com.telerikacademy.testframework.UserActions.waitForElementVisibleUntilTimeout(UserActions.java:123)
	at com.telerikacademy.testframework.UserActions.waitForElementVisible(UserActions.java:74)
	at com.telerikacademy.testframework.UserActions.assertElementText(UserActions.java:161)
	at pages.WEare.PersonalProfilePage.assertCity(PersonalProfilePage.java:122)
	at WEare.privatepart.EditProfileTests.changeCity_when_differentCityIsChosen(EditProfileTests.java:126)
	at java.base/jdk.internal.reflect.NativeMethodAccessorImpl.invoke0(Native Method)
	at java.base/jdk.internal.reflect.NativeMethodAccessorImpl.invoke(NativeMethodAccessorImpl.java:62)
	at java.base/jdk.internal.reflect.DelegatingMethodAccessorImpl.invoke(DelegatingMethodAccessorImpl.java:43)
	at java.base/java.lang.reflect.Method.invoke(Method.java:566)
	at org.junit.platform.commons.util.ReflectionUtils.invokeMethod(ReflectionUtils.java:728)
	at org.junit.jupiter.engine.execution.MethodInvocation.proceed(MethodInvocation.java:60)
	at org.junit.jupiter.engine.execution.InvocationInterceptorChain$ValidatingInvocation.proceed(InvocationInterceptorChain.java:131)
	at org.junit.jupiter.engine.extension.TimeoutExtension.intercept(TimeoutExtension.java:156)
	at org.junit.jupiter.engine.extension.TimeoutExtension.interceptTestableMethod(TimeoutExtension.java:147)
	at org.junit.jupiter.engine.extension.TimeoutExtension.interceptTestMethod(TimeoutExtension.java:86)
	at org.junit.jupiter.engine.execution.InterceptingExecutableInvoker$ReflectiveInterceptorCall.lambda$ofVoidMethod$0(InterceptingExecutableInvoker.java:103)
	at org.junit.jupiter.engine.execution.InterceptingExecutableInvoker.lambda$invoke$0(InterceptingExecutableInvoker.java:93)
	at org.junit.jupiter.engine.execution.InvocationInterceptorChain$InterceptedInvocation.proceed(InvocationInterceptorChain.java:106)
	at org.junit.jupiter.engine.execution.InvocationInterceptorChain.proceed(InvocationInterceptorChain.java:64)
	at org.junit.jupiter.engine.execution.InvocationInterceptorChain.chainAndInvoke(InvocationInterceptorChain.java:45)
	at org.junit.jupiter.engine.execution.InvocationInterceptorChain.invoke(InvocationInterceptorChain.java:37)
	at org.junit.jupiter.engine.execution.InterceptingExecutableInvoker.invoke(InterceptingExecutableInvoker.java:92)
	at org.junit.jupiter.engine.execution.InterceptingExecutableInvoker.invoke(InterceptingExecutableInvoker.java:86)
	at org.junit.jupiter.engine.descriptor.TestMethodTestDescriptor.lambda$invokeTestMethod$7(TestMethodTestDescriptor.java:218)
	at org.junit.platform.engine.support.hierarchical.ThrowableCollector.execute(ThrowableCollector.java:73)
	at org.junit.jupiter.engine.descriptor.TestMethodTestDescriptor.invokeTestMethod(TestMethodTestDescriptor.java:214)
	at org.junit.jupiter.engine.descriptor.TestMethodTestDescriptor.execute(TestMethodTestDescriptor.java:139)
	at org.junit.jupiter.engine.descriptor.TestMethodTestDescriptor.execute(TestMethodTestDescriptor.java:69)
	at org.junit.platform.engine.support.hierarchical.NodeTestTask.lambda$executeRecursively$6(NodeTestTask.java:151)
	at org.junit.platform.engine.support.hierarchical.ThrowableCollector.execute(ThrowableCollector.java:73)
	at org.junit.platform.engine.support.hierarchical.NodeTestTask.lambda$executeRecursively$8(NodeTestTask.java:141)
	at org.junit.platform.engine.support.hierarchical.Node.around(Node.java:137)
	at org.junit.platform.engine.support.hierarchical.NodeTestTask.lambda$executeRecursively$9(NodeTestTask.java:139)
	at org.junit.platform.engine.support.hierarchical.ThrowableCollector.execute(ThrowableCollector.java:73)
	at org.junit.platform.engine.support.hierarchical.NodeTestTask.executeRecursively(NodeTestTask.java:138)
	at org.junit.platform.engine.support.hierarchical.NodeTestTask.execute(NodeTestTask.java:95)
	at java.base/java.util.ArrayList.forEach(ArrayList.java:1541)
	at org.junit.platform.engine.support.hierarchical.SameThreadHierarchicalTestExecutorService.invokeAll(SameThreadHierarchicalTestExecutorService.java:41)
	at org.junit.platform.engine.support.hierarchical.NodeTestTask.lambda$executeRecursively$6(NodeTestTask.java:155)
	at org.junit.platform.engine.support.hierarchical.ThrowableCollector.execute(ThrowableCollector.java:73)
	at org.junit.platform.engine.support.hierarchical.NodeTestTask.lambda$executeRecursively$8(NodeTestTask.java:141)
	at org.junit.platform.engine.support.hierarchical.Node.around(Node.java:137)
	at org.junit.platform.engine.support.hierarchical.NodeTestTask.lambda$executeRecursively$9(NodeTestTask.java:139)
	at org.junit.platform.engine.support.hierarchical.ThrowableCollector.execute(ThrowableCollector.java:73)
	at org.junit.platform.engine.support.hierarchical.NodeTestTask.executeRecursively(NodeTestTask.java:138)
	at org.junit.platform.engine.support.hierarchical.NodeTestTask.execute(NodeTestTask.java:95)
	at java.base/java.util.ArrayList.forEach(ArrayList.java:1541)
	at org.junit.platform.engine.support.hierarchical.SameThreadHierarchicalTestExecutorService.invokeAll(SameThreadHierarchicalTestExecutorService.java:41)
	at org.junit.platform.engine.support.hierarchical.NodeTestTask.lambda$executeRecursively$6(NodeTestTask.java:155)
	at org.junit.platform.engine.support.hierarchical.ThrowableCollector.execute(ThrowableCollector.java:73)
	at org.junit.platform.engine.support.hierarchical.NodeTestTask.lambda$executeRecursively$8(NodeTestTask.java:141)
	at org.junit.platform.engine.support.hierarchical.Node.around(Node.java:137)
	at org.junit.platform.engine.support.hierarchical.NodeTestTask.lambda$executeRecursively$9(NodeTestTask.java:139)
	at org.junit.platform.engine.support.hierarchical.ThrowableCollector.execute(ThrowableCollector.java:73)
	at org.junit.platform.engine.support.hierarchical.NodeTestTask.executeRecursively(NodeTestTask.java:138)
	at org.junit.platform.engine.support.hierarchical.NodeTestTask.execute(NodeTestTask.java:95)
	at org.junit.platform.engine.support.hierarchical.SameThreadHierarchicalTestExecutorService.submit(SameThreadHierarchicalTestExecutorService.java:35)
	at org.junit.platform.engine.support.hierarchical.HierarchicalTestExecutor.execute(HierarchicalTestExecutor.java:57)
	at org.junit.platform.engine.support.hierarchical.HierarchicalTestEngine.execute(HierarchicalTestEngine.java:54)
	at org.junit.platform.launcher.core.EngineExecutionOrchestrator.execute(EngineExecutionOrchestrator.java:147)
	at org.junit.platform.launcher.core.EngineExecutionOrchestrator.execute(EngineExecutionOrchestrator.java:127)
	at org.junit.platform.suite.engine.SuiteLauncher.execute(SuiteLauncher.java:59)
	at org.junit.platform.suite.engine.SuiteTestDescriptor.execute(SuiteTestDescriptor.java:130)
	at org.junit.platform.suite.engine.SuiteTestEngine.lambda$execute$0(SuiteTestEngine.java:73)
	at java.base/java.util.stream.ForEachOps$ForEachOp$OfRef.accept(ForEachOps.java:183)
	at java.base/java.util.stream.ReferencePipeline$3$1.accept(ReferencePipeline.java:195)
	at java.base/java.util.Iterator.forEachRemaining(Iterator.java:133)
	at java.base/java.util.Spliterators$IteratorSpliterator.forEachRemaining(Spliterators.java:1801)
	at java.base/java.util.stream.AbstractPipeline.copyInto(AbstractPipeline.java:484)
	at java.base/java.util.stream.AbstractPipeline.wrapAndCopyInto(AbstractPipeline.java:474)
	at java.base/java.util.stream.ForEachOps$ForEachOp.evaluateSequential(ForEachOps.java:150)
	at java.base/java.util.stream.ForEachOps$ForEachOp$OfRef.evaluateSequential(ForEachOps.java:173)
	at java.base/java.util.stream.AbstractPipeline.evaluate(AbstractPipeline.java:234)
	at java.base/java.util.stream.ReferencePipeline.forEach(ReferencePipeline.java:497)
	at org.junit.platform.suite.engine.SuiteTestEngine.execute(SuiteTestEngine.java:73)
	at org.junit.platform.launcher.core.EngineExecutionOrchestrator.execute(EngineExecutionOrchestrator.java:147)
	at org.junit.platform.launcher.core.EngineExecutionOrchestrator.execute(EngineExecutionOrchestrator.java:127)
	at org.junit.platform.launcher.core.EngineExecutionOrchestrator.execute(EngineExecutionOrchestrator.java:90)
	at org.junit.platform.launcher.core.EngineExecutionOrchestrator.lambda$execute$0(EngineExecutionOrchestrator.java:55)
	at org.junit.platform.launcher.core.EngineExecutionOrchestrator.withInterceptedStreams(EngineExecutionOrchestrator.java:102)
	at org.junit.platform.launcher.core.EngineExecutionOrchestrator.execute(EngineExecutionOrchestrator.java:54)
	at org.junit.platform.launcher.core.DefaultLauncher.execute(DefaultLauncher.java:114)
	at org.junit.platform.launcher.core.DefaultLauncher.execute(DefaultLauncher.java:86)
	at org.junit.platform.launcher.core.DefaultLauncherSession$DelegatingLauncher.execute(DefaultLauncherSession.java:86)
	at org.apache.maven.surefire.junitplatform.LazyLauncher.execute(LazyLauncher.java:55)
	at org.apache.maven.surefire.junitplatform.JUnitPlatformProvider.execute(JUnitPlatformProvider.java:223)
	at org.apache.maven.surefire.junitplatform.JUnitPlatformProvider.invokeAllTests(JUnitPlatformProvider.java:175)
	at org.apache.maven.surefire.junitplatform.JUnitPlatformProvider.invoke(JUnitPlatformProvider.java:139)
	at org.apache.maven.surefire.booter.ForkedBooter.runSuitesInProcess(ForkedBooter.java:456)
	at org.apache.maven.surefire.booter.ForkedBooter.execute(ForkedBooter.java:169)
	at org.apache.maven.surefire.booter.ForkedBooter.run(ForkedBooter.java:595)
	at org.apache.maven.surefire.booter.ForkedBooter.main(ForkedBooter.java:581)
]]></failure>
    <system-out><![CDATA[2023-10-16 20:59:10,740 INFO  [main] Initializing WebDriver
2023-10-16 20:59:12,190 INFO  [main] Initializing WebDriver
2023-10-16 20:59:13,249 INFO  [main] Initializing WebDriver
2023-10-16 20:59:13,249 INFO  [main] Initializing WebDriver
2023-10-16 20:59:13,249 INFO  [main] Initializing WebDriver
2023-10-16 20:59:13,249 INFO  [main] Initializing WebDriver
2023-10-16 20:59:13,249 INFO  [main] Initializing WebDriver
2023-10-16 20:59:13,249 INFO  [main] Initializing WebDriver
2023-10-16 20:59:13,249 INFO  [main] Initializing WebDriver
2023-10-16 20:59:13,249 INFO  [main] Initializing WebDriver
2023-10-16 20:59:13,257 INFO  [main] The follow username was generated: Kera
2023-10-16 20:59:13,257 INFO  [main] The follow password was generated: Kera
Request method:	POST
Request URI:	http://localhost:8081/api/users/
Proxy:			<none>
Request params:	<none>
Query params:	<none>
Form params:	<none>
Path params:	<none>
Headers:		Accept=*/*
				Content-Type=application/json
Cookies:		<none>
Multiparts:		<none>
Body:
{
    "authorities": [
        "ROLE_USER"
    ],
    "category": {
        "id": "100",
        "name": "All"
    },
    "confirmPassword": "$Hv52$#g8&#x3h17j",
    "email": "beckie.oconnell@yahoo.com",
    "password": "$Hv52$#g8&#x3h17j",
    "username": "Kera"
}
2023-10-16 20:59:13,781 INFO  [main] Clicking on element homepage.signInButton
2023-10-16 20:59:13,996 INFO  [main] Kera was typed into loginPage.UsernameField.
2023-10-16 20:59:14,104 INFO  [main] $Hv52$#g8&#x3h17j was typed into loginPage.PasswordField.
2023-10-16 20:59:14,133 INFO  [main] Clicking on element loginPage.LoginButton
2023-10-16 20:59:15,897 INFO  [main] Clicking on element homePage.PersonalProfileButton
2023-10-16 20:59:17,034 INFO  [main] Clicking on element personalProfilePageEditButton
Request method:	POST
Request URI:	http://localhost:8081/api/users/auth/705/personal
Proxy:			<none>
Request params:	<none>
Query params:	<none>
Form params:	<none>
Path params:	<none>
Headers:		Accept=*/*
				Content-Type=application/json
Cookies:		JSESSIONID=57DAE757FB95B1D26595808DE3E61971;Path=/;HttpOnly
Multiparts:		<none>
Body:
{
    "birthYear": "2023-10-16",
    "firstName": "Jon",
    "id": 705,
    "lastName": "Snow",
    "location": {
        "city": {
            "city": "",
            "country": {
                
            },
            "id": 15
        },
        "id": 0
    },
    "memberSince": "",
    "personalReview": "Beatae enim impedit illum voluptatem vero doloremque.",
    "picture": "no picki",
    "picturePrivacy": true,
    "sex": "MALE"
}
2023-10-16 20:59:18,906 INFO  [main] Clicking on element personalProfile.PersonalProfileCityButton
2023-10-16 20:59:18,993 INFO  [main] Clicking on element personalProfilePageChooseCity
2023-10-16 20:59:19,098 INFO  [main] Clicking on element homePage.PersonalProfileUpdateProfileButton
]]></system-out>
    <system-err><![CDATA[??? 16, 2023 8:59:12 ??.??. org.openqa.selenium.devtools.CdpVersionFinder findNearestMatch
WARNING: Unable to find an exact match for CDP version 117, so returning the closest version found: 115
]]></system-err>
  </testcase>
  <testcase name="editFirstnameLastNameBirthday_when_invalidFirstNameIsProvided" classname="WEare.privatepart.EditProfileTests" time="6.452">
    <system-out><![CDATA[2023-10-16 20:59:34,772 INFO  [main] personalProfilePageFirstNameFieldwas cleaned
2023-10-16 20:59:34,850 INFO  [main]  was typed into personalProfilePageFirstNameField.
2023-10-16 20:59:34,850 INFO  [main] First name was set to : ""
2023-10-16 20:59:34,862 INFO  [main] personalProfilePageLastNameFieldwas cleaned
2023-10-16 20:59:34,972 INFO  [main] Patkanov was typed into personalProfilePageLastNameField.
2023-10-16 20:59:34,972 INFO  [main] Last name was set to : "Patkanov"
2023-10-16 20:59:35,055 INFO  [main] 07/05/1970 was typed into personalProfilePageBirthdayField.
2023-10-16 20:59:35,056 INFO  [main] Birthday date was set to : "07/05/1970"
2023-10-16 20:59:35,084 INFO  [main] Clicking on element homePage.PersonalProfileUpdateProfileButton
2023-10-16 20:59:41,193 INFO  [main] first name must have at least 3 symbols! is the reponse text from personalProfilePageEditErrorMessage
]]></system-out>
  </testcase>
  <testcase name="editFirstnameLastNameBirthday_when_validDataIsProvided" classname="WEare.privatepart.EditProfileTests" time="6.177">
    <system-out><![CDATA[2023-10-16 20:59:41,224 INFO  [main] personalProfilePageFirstNameFieldwas cleaned
2023-10-16 20:59:41,304 INFO  [main] Jon was typed into personalProfilePageFirstNameField.
2023-10-16 20:59:41,304 INFO  [main] First name was set to : "Jon"
2023-10-16 20:59:41,312 INFO  [main] personalProfilePageLastNameFieldwas cleaned
2023-10-16 20:59:41,449 INFO  [main] Snow was typed into personalProfilePageLastNameField.
2023-10-16 20:59:41,449 INFO  [main] Last name was set to : "Snow"
2023-10-16 20:59:41,522 INFO  [main] 07/05/1970 was typed into personalProfilePageBirthdayField.
2023-10-16 20:59:41,522 INFO  [main] Birthday date was set to : "07/05/1970"
2023-10-16 20:59:41,557 INFO  [main] Clicking on element homePage.PersonalProfileUpdateProfileButton
]]></system-out>
  </testcase>
  <testcase name="changeProfessionalCategory_when_validProfessionProvided" classname="WEare.privatepart.EditProfileTests" time="2.612">
    <system-out><![CDATA[Request method:	POST
Request URI:	http://localhost:8081/api/users/auth/705/personal
Proxy:			<none>
Request params:	<none>
Query params:	<none>
Form params:	<none>
Path params:	<none>
Headers:		Accept=*/*
				Content-Type=application/json
Cookies:		JSESSIONID=D8BA973CF689E7B9930853F38223A3BB;Path=/;HttpOnly
Multiparts:		<none>
Body:
{
    "birthYear": "2023-10-16",
    "firstName": "Jon",
    "id": 705,
    "lastName": "Snow",
    "location": {
        "city": {
            "city": "",
            "country": {
                
            },
            "id": 15
        },
        "id": 0
    },
    "memberSince": "",
    "personalReview": "Beatae enim impedit illum voluptatem vero doloremque.",
    "picture": "no picki",
    "picturePrivacy": true,
    "sex": "MALE"
}
2023-10-16 20:59:48,103 INFO  [main] Clicking on element personalProfileUpdatePageProfessionalCategoryButton
2023-10-16 20:59:48,245 INFO  [main] Clicking on element personalProfileUpdatePage.ProfessionalCategoryDropDown
2023-10-16 20:59:48,350 INFO  [main] Clicking on element personalProfileUpdatePage.PersonalProfileUpdateCategoryButton
2023-10-16 20:59:50,004 INFO  [main] Profession was changed to : "Doctor"
]]></system-out>
  </testcase>
  <testcase name="changeServices_when_validServiceClicked" classname="WEare.privatepart.EditProfileTests" time="8.79">
    <system-out><![CDATA[2023-10-16 20:59:50,747 INFO  [main] Clicking on element homePage.PersonalProfileButton
2023-10-16 20:59:51,844 INFO  [main] Clicking on element personalProfilePageEditButton
Request method:	POST
Request URI:	http://localhost:8081/api/users/auth/705/personal
Proxy:			<none>
Request params:	<none>
Query params:	<none>
Form params:	<none>
Path params:	<none>
Headers:		Accept=*/*
				Content-Type=application/json
Cookies:		JSESSIONID=46805172A88DB0698F7A9B686DFCB36E;Path=/;HttpOnly
Multiparts:		<none>
Body:
{
    "birthYear": "2023-10-16",
    "firstName": "Jon",
    "id": 705,
    "lastName": "Snow",
    "location": {
        "city": {
            "city": "",
            "country": {
                
            },
            "id": 15
        },
        "id": 0
    },
    "memberSince": "",
    "personalReview": "Beatae enim impedit illum voluptatem vero doloremque.",
    "picture": "no picki",
    "picturePrivacy": true,
    "sex": "MALE"
}
2023-10-16 20:59:57,632 INFO  [main] Nothing special. was typed into personalProfilePageUpdateServiceField1.
2023-10-16 20:59:57,710 INFO  [main] 8 was typed into personalProfilePageWeeklyAvailabilityField.
2023-10-16 20:59:57,739 INFO  [main] Clicking on element personalProfileUpdatePage.PersonalProfileUpdateServiceButton
]]></system-out>
  </testcase>
  <testcase name="changeGender_when_validDataProvided" classname="WEare.privatepart.EditProfileTests" time="14.337">
    <system-out><![CDATA[2023-10-16 20:59:59,564 INFO  [main] Clicking on element homePage.PersonalProfileButton
2023-10-16 21:00:00,576 INFO  [main] Clicking on element personalProfilePageEditButton
Request method:	POST
Request URI:	http://localhost:8081/api/users/auth/705/personal
Proxy:			<none>
Request params:	<none>
Query params:	<none>
Form params:	<none>
Path params:	<none>
Headers:		Accept=*/*
				Content-Type=application/json
Cookies:		JSESSIONID=94ED6C21B66FA573F9CF084058B2AF3F;Path=/;HttpOnly
Multiparts:		<none>
Body:
{
    "birthYear": "2023-10-16",
    "firstName": "Jon",
    "id": 705,
    "lastName": "Snow",
    "location": {
        "city": {
            "city": "",
            "country": {
                
            },
            "id": 15
        },
        "id": 0
    },
    "memberSince": "",
    "personalReview": "Beatae enim impedit illum voluptatem vero doloremque.",
    "picture": "no picki",
    "picturePrivacy": true,
    "sex": "MALE"
}
2023-10-16 21:00:06,791 INFO  [main] Clicking on element personalProfilePageGenderSelectionButton
2023-10-16 21:00:06,864 INFO  [main] Clicking on element personalProfilePageGenderButton
2023-10-16 21:00:06,901 INFO  [main] Gender was changed to : "FEMALE"
2023-10-16 21:00:06,928 INFO  [main] Clicking on element homePage.PersonalProfileUpdateProfileButton
]]></system-out>
  </testcase>
  <testcase name="changeEmail_when_validNewEmailIsProvided" classname="WEare.privatepart.EditProfileTests" time="14.028">
    <system-out><![CDATA[2023-10-16 21:00:13,986 INFO  [main] Clicking on element homePage.PersonalProfileButton
2023-10-16 21:00:15,099 INFO  [main] Clicking on element personalProfilePageEditButton
Request method:	POST
Request URI:	http://localhost:8081/api/users/auth/705/personal
Proxy:			<none>
Request params:	<none>
Query params:	<none>
Form params:	<none>
Path params:	<none>
Headers:		Accept=*/*
				Content-Type=application/json
Cookies:		JSESSIONID=A3026F887CABD4065C77C7CA7BFD3F67;Path=/;HttpOnly
Multiparts:		<none>
Body:
{
    "birthYear": "2023-10-16",
    "firstName": "Jon",
    "id": 705,
    "lastName": "Snow",
    "location": {
        "city": {
            "city": "",
            "country": {
                
            },
            "id": 15
        },
        "id": 0
    },
    "memberSince": "",
    "personalReview": "Beatae enim impedit illum voluptatem vero doloremque.",
    "picture": "no picki",
    "picturePrivacy": true,
    "sex": "MALE"
}
2023-10-16 21:00:21,154 INFO  [main] personalProfilePageEmailFieldwas cleaned
2023-10-16 21:00:21,243 INFO  [main] peshakaa@abv.bg was typed into personalProfilePageEmailField.
2023-10-16 21:00:21,243 INFO  [main] Email date was changed to : "peshakaa@abv.bg"
2023-10-16 21:00:21,279 INFO  [main] Clicking on element homePage.PersonalProfileUpdateProfileButton
]]></system-out>
  </testcase>
  <testcase name="addSelfDescription_when_validDataIsProvided" classname="WEare.privatepart.EditProfileTests" time="13.615">
    <system-out><![CDATA[2023-10-16 21:00:27,948 INFO  [main] Clicking on element homePage.PersonalProfileButton
2023-10-16 21:00:29,023 INFO  [main] Clicking on element personalProfilePageEditButton
Request method:	POST
Request URI:	http://localhost:8081/api/users/auth/705/personal
Proxy:			<none>
Request params:	<none>
Query params:	<none>
Form params:	<none>
Path params:	<none>
Headers:		Accept=*/*
				Content-Type=application/json
Cookies:		JSESSIONID=8D6FBE9FBE8DC4A29E4A080F97B101D6;Path=/;HttpOnly
Multiparts:		<none>
Body:
{
    "birthYear": "2023-10-16",
    "firstName": "Jon",
    "id": 705,
    "lastName": "Snow",
    "location": {
        "city": {
            "city": "",
            "country": {
                
            },
            "id": 15
        },
        "id": 0
    },
    "memberSince": "",
    "personalReview": "Beatae enim impedit illum voluptatem vero doloremque.",
    "picture": "no picki",
    "picturePrivacy": true,
    "sex": "MALE"
}
2023-10-16 21:00:34,679 INFO  [main] personalProfilePageSelfDescriptionFieldwas cleaned
2023-10-16 21:00:34,791 INFO  [main] Hello its my first time here.Im trying to be smart but im not. was typed into personalProfilePageSelfDescriptionField.
2023-10-16 21:00:34,812 INFO  [main] Clicking on element homePage.PersonalProfileUpdateProfileButton
2023-10-16 21:00:40,672 INFO  [main] Hello its my first time here.Im trying to be smart but im not. is the reponse text from personalProfilePageSelfDescriptionField
]]></system-out>
  </testcase>
</testsuite>