<?xml version="1.0" encoding="UTF-8"?>
<testsuite xmlns:xsi="http://www.w3.org/2001/XMLSchema-instance" xsi:noNamespaceSchemaLocation="https://maven.apache.org/surefire/maven-surefire-plugin/xsd/surefire-test-report-3.0.xsd" version="3.0" name="WEare.publicpart.RegistrationTests" time="51.814" tests="8" errors="0" skipped="0" failures="0">
  <properties>
[...]
</properties>
  <testcase name="registerNewUser_when_invalidEmailPassed(String)[1]" classname="WEare.publicpart.RegistrationTests" time="3.776">
    <system-out><![CDATA[2023-10-18 01:24:22,350 INFO  [main] Initializing WebDriver
2023-10-18 01:24:29,601 INFO  [main] Initializing WebDriver
2023-10-18 01:24:31,018 INFO  [main] Initializing WebDriver
2023-10-18 01:24:31,018 INFO  [main] Initializing WebDriver
2023-10-18 01:24:31,018 INFO  [main] Initializing WebDriver
2023-10-18 01:24:31,018 INFO  [main] Initializing WebDriver
2023-10-18 01:24:31,018 INFO  [main] Initializing WebDriver
2023-10-18 01:24:31,019 INFO  [main] Initializing WebDriver
2023-10-18 01:24:31,019 INFO  [main] Initializing WebDriver
2023-10-18 01:24:31,019 INFO  [main] Initializing WebDriver
2023-10-18 01:24:31,204 INFO  [main] The follow username was generated: Cameron
2023-10-18 01:24:31,205 INFO  [main] The follow password was generated: Cameron
2023-10-18 01:24:32,447 INFO  [main] Clicking on element homepage.RegisterButton
2023-10-18 01:24:33,434 INFO  [main] Cameron was typed into userRegistrationPage.UsernameField.
2023-10-18 01:24:33,576 INFO  [main] anna@sd.comsa@abv.bg was typed into userRegistrationPage.EmailField.
2023-10-18 01:24:33,694 INFO  [main] n66oAt2342zbiTcy was typed into userRegistrationPage.PasswordField.
2023-10-18 01:24:33,783 INFO  [main] n66oAt2342zbiTcy was typed into userRegistrationPage.ConfirmPasswordField.
2023-10-18 01:24:33,784 INFO  [main] Clicking on element userRegistrationPage.ProfessionalCategoryButton
2023-10-18 01:24:33,996 INFO  [main] Clicking on element userRegistrationPage.RegisterButton
2023-10-18 01:24:34,913 INFO  [main] User was not registered. Proper error message shown.
]]></system-out>
    <system-err><![CDATA[SLF4J: Failed to load class "org.slf4j.impl.StaticLoggerBinder".
SLF4J: Defaulting to no-operation (NOP) logger implementation
SLF4J: See http://www.slf4j.org/codes.html#StaticLoggerBinder for further details.
??? 18, 2023 1:24:21 ??.??. org.junit.jupiter.engine.descriptor.JupiterTestDescriptor lambda$getTags$1
WARNING: Configuration error: invalid tag syntax in @Tag("Happy path") declaration on [public void WEare.publicpart.RegistrationTests.registerNewUserTest_when_validCredentialsPassed()]. Tag will be ignored.
??? 18, 2023 1:24:21 ??.??. org.junit.jupiter.engine.descriptor.JupiterTestDescriptor lambda$getTags$1
WARNING: Configuration error: invalid tag syntax in @Tag("Happy path") declaration on [public void WEare.publicpart.RegistrationTests.registerNewUserTest_when_validCredentialsPassed()]. Tag will be ignored.
??? 18, 2023 1:24:29 ??.??. org.openqa.selenium.devtools.CdpVersionFinder findNearestMatch
WARNING: Unable to find an exact match for CDP version 118, so returning the closest version found: 115
]]></system-err>
  </testcase>
  <testcase name="registerNewUser_when_invalidEmailPassed(String)[2]" classname="WEare.publicpart.RegistrationTests" time="2.987">
    <system-out><![CDATA[2023-10-18 01:24:36,138 INFO  [main] Clicking on element homepage.RegisterButton
2023-10-18 01:24:36,926 INFO  [main] Cameron was typed into userRegistrationPage.UsernameField.
2023-10-18 01:24:37,065 INFO  [main] @abv.bg was typed into userRegistrationPage.EmailField.
2023-10-18 01:24:37,167 INFO  [main] n66oAt2342zbiTcy was typed into userRegistrationPage.PasswordField.
2023-10-18 01:24:37,262 INFO  [main] n66oAt2342zbiTcy was typed into userRegistrationPage.ConfirmPasswordField.
2023-10-18 01:24:37,262 INFO  [main] Clicking on element userRegistrationPage.ProfessionalCategoryButton
2023-10-18 01:24:37,467 INFO  [main] Clicking on element userRegistrationPage.RegisterButton
2023-10-18 01:24:38,116 INFO  [main] User was not registered. Proper error message shown.
]]></system-out>
  </testcase>
  <testcase name="registerNewUser_when_invalidUsernamePassed(String)[1]" classname="WEare.publicpart.RegistrationTests" time="2.879">
    <system-out><![CDATA[2023-10-18 01:24:39,060 INFO  [main] Clicking on element homepage.RegisterButton
2023-10-18 01:24:39,720 INFO  [main] Ð° was typed into userRegistrationPage.UsernameField.
2023-10-18 01:24:39,869 INFO  [main] Cameron@abv.bg was typed into userRegistrationPage.EmailField.
2023-10-18 01:24:40,004 INFO  [main] n66oAt2342zbiTcy was typed into userRegistrationPage.PasswordField.
2023-10-18 01:24:40,138 INFO  [main] n66oAt2342zbiTcy was typed into userRegistrationPage.ConfirmPasswordField.
2023-10-18 01:24:40,139 INFO  [main] Clicking on element userRegistrationPage.ProfessionalCategoryButton
2023-10-18 01:24:40,338 INFO  [main] Clicking on element userRegistrationPage.RegisterButton
2023-10-18 01:24:41,010 INFO  [main] User was not registered. Proper error message shown.
]]></system-out>
  </testcase>
  <testcase name="registerNewUser_when_invalidUsernamePassed(String)[2]" classname="WEare.publicpart.RegistrationTests" time="2.389">
    <system-out><![CDATA[2023-10-18 01:24:42,127 INFO  [main] Clicking on element homepage.RegisterButton
2023-10-18 01:24:42,683 INFO  [main]  was typed into userRegistrationPage.UsernameField.
2023-10-18 01:24:42,802 INFO  [main] Cameron@abv.bg was typed into userRegistrationPage.EmailField.
2023-10-18 01:24:42,901 INFO  [main] n66oAt2342zbiTcy was typed into userRegistrationPage.PasswordField.
2023-10-18 01:24:42,987 INFO  [main] n66oAt2342zbiTcy was typed into userRegistrationPage.ConfirmPasswordField.
2023-10-18 01:24:42,987 INFO  [main] Clicking on element userRegistrationPage.ProfessionalCategoryButton
2023-10-18 01:24:43,157 INFO  [main] Clicking on element userRegistrationPage.RegisterButton
2023-10-18 01:24:43,403 INFO  [main] User was not registered. Proper error message shown.
]]></system-out>
  </testcase>
  <testcase name="registerNewUserTest_when_validCredentialsPassed" classname="WEare.publicpart.RegistrationTests" time="4.467">
    <system-out><![CDATA[2023-10-18 01:24:44,469 INFO  [main] Clicking on element homepage.RegisterButton
2023-10-18 01:24:45,112 INFO  [main] Cameron was typed into userRegistrationPage.UsernameField.
2023-10-18 01:24:45,280 INFO  [main] Cameron@abv.bg was typed into userRegistrationPage.EmailField.
2023-10-18 01:24:45,399 INFO  [main] n66oAt2342zbiTcy was typed into userRegistrationPage.PasswordField.
2023-10-18 01:24:45,490 INFO  [main] n66oAt2342zbiTcy was typed into userRegistrationPage.ConfirmPasswordField.
2023-10-18 01:24:45,490 INFO  [main] Clicking on element userRegistrationPage.ProfessionalCategoryButton
2023-10-18 01:24:45,714 INFO  [main] Clicking on element userRegistrationPage.RegisterButton
2023-10-18 01:24:47,868 INFO  [main] Welcome to our community. is the reponse text from RegisterLoginSuccessMessage
2023-10-18 01:24:47,876 INFO  [main] User was successfully registered. Welcome message displayed.
]]></system-out>
  </testcase>
  <testcase name="registerNewUser_when_invalidPasswordPassed(String)[1]" classname="WEare.publicpart.RegistrationTests" time="2.969">
    <system-out><![CDATA[2023-10-18 01:24:48,817 INFO  [main] Clicking on element homepage.RegisterButton
2023-10-18 01:24:49,742 INFO  [main] Cameron was typed into userRegistrationPage.UsernameField.
2023-10-18 01:24:49,877 INFO  [main] Cameron@abv.bg was typed into userRegistrationPage.EmailField.
2023-10-18 01:24:50,012 INFO  [main] 12345 was typed into userRegistrationPage.PasswordField.
2023-10-18 01:24:50,089 INFO  [main] 12345 was typed into userRegistrationPage.ConfirmPasswordField.
2023-10-18 01:24:50,090 INFO  [main] Clicking on element userRegistrationPage.ProfessionalCategoryButton
2023-10-18 01:24:50,307 INFO  [main] Clicking on element userRegistrationPage.RegisterButton
2023-10-18 01:24:50,849 INFO  [main] User was not registered. Proper error message shown.
]]></system-out>
  </testcase>
  <testcase name="registerNewUser_when_invalidPasswordPassed(String)[2]" classname="WEare.publicpart.RegistrationTests" time="2.184">
    <system-out><![CDATA[2023-10-18 01:24:51,820 INFO  [main] Clicking on element homepage.RegisterButton
2023-10-18 01:24:52,422 INFO  [main] Cameron was typed into userRegistrationPage.UsernameField.
2023-10-18 01:24:52,551 INFO  [main] Cameron@abv.bg was typed into userRegistrationPage.EmailField.
2023-10-18 01:24:52,630 INFO  [main]  was typed into userRegistrationPage.PasswordField.
2023-10-18 01:24:52,711 INFO  [main]  was typed into userRegistrationPage.ConfirmPasswordField.
2023-10-18 01:24:52,711 INFO  [main] Clicking on element userRegistrationPage.ProfessionalCategoryButton
2023-10-18 01:24:52,874 INFO  [main] Clicking on element userRegistrationPage.RegisterButton
2023-10-18 01:24:53,036 INFO  [main] User was not registered. Proper error message shown.
]]></system-out>
  </testcase>
  <testcase name="registerNewUser_when_optionalField_emptyDropdownPassed" classname="WEare.publicpart.RegistrationTests" time="3.907">
    <system-out><![CDATA[2023-10-18 01:24:54,155 INFO  [main] Clicking on element homepage.RegisterButton
2023-10-18 01:24:54,677 INFO  [main] Leonore was typed into userRegistrationPage.UsernameField.
2023-10-18 01:24:54,804 INFO  [main] Leonore@abv.bg was typed into userRegistrationPage.EmailField.
2023-10-18 01:24:54,903 INFO  [main] n66oAt2342zbiTcy was typed into userRegistrationPage.PasswordField.
2023-10-18 01:24:54,991 INFO  [main] n66oAt2342zbiTcy was typed into userRegistrationPage.ConfirmPasswordField.
2023-10-18 01:24:54,991 INFO  [main] Clicking on element userRegistrationPage.RegisterButton
2023-10-18 01:24:56,939 INFO  [main] Welcome to our community. is the reponse text from RegisterLoginSuccessMessage
2023-10-18 01:24:56,946 INFO  [main] User was successfully registered. Welcome message displayed.
2023-10-18 01:24:56,946 INFO  [main] User was successfully registered.
]]></system-out>
  </testcase>
</testsuite>