<?xml version="1.0" encoding="UTF-8"?>
<testsuite xmlns:xsi="http://www.w3.org/2001/XMLSchema-instance" xsi:noNamespaceSchemaLocation="https://maven.apache.org/surefire/maven-surefire-plugin/xsd/surefire-test-report-3.0.xsd" version="3.0" name="WEare.publicpart.LoginTests" time="33.381" tests="6" errors="0" skipped="0" failures="0">
  <properties>
[...]
</properties>
  <testcase name="login_when_invalidCredentialsArePassed(String, String)[1]" classname="WEare.publicpart.LoginTests" time="1.935">
    <system-out><![CDATA[2023-10-17 18:19:26,014 INFO  [main] Initializing WebDriver
2023-10-17 18:19:28,073 INFO  [main] Initializing WebDriver
2023-10-17 18:19:29,131 INFO  [main] Initializing WebDriver
2023-10-17 18:19:29,131 INFO  [main] Initializing WebDriver
2023-10-17 18:19:29,131 INFO  [main] Initializing WebDriver
2023-10-17 18:19:29,131 INFO  [main] Initializing WebDriver
2023-10-17 18:19:29,132 INFO  [main] Initializing WebDriver
2023-10-17 18:19:29,132 INFO  [main] Initializing WebDriver
2023-10-17 18:19:29,132 INFO  [main] Initializing WebDriver
2023-10-17 18:19:29,132 INFO  [main] Initializing WebDriver
2023-10-17 18:19:29,256 INFO  [main] The follow username was generated: Reynaldo
2023-10-17 18:19:29,257 INFO  [main] The follow password was generated: Reynaldo
Request method:	POST
Request URI:	http://localhost:8081/api/users/
Proxy:			<none>
Request params:	<none>
Query params:	<none>
Form params:	<none>
Path params:	<none>
Headers:		Accept=*/*
				Content-Type=application/json
Cookies:		<none>
Multiparts:		<none>
Body:
{
    "authorities": [
        "ROLE_USER"
    ],
    "category": {
        "id": "100",
        "name": "All"
    },
    "confirmPassword": "%IpYpmd*&@e6A1",
    "email": "gretta.bashirian@hotmail.com",
    "password": "%IpYpmd*&@e6A1",
    "username": "Reynaldo"
}
2023-10-17 18:19:32,278 INFO  [main] Clicking on element homepage.signInButton
2023-10-17 18:19:32,657 INFO  [main] Page accessible and navigated successfully.
2023-10-17 18:19:32,769 INFO  [main] T st was typed into loginPage.UsernameField.
2023-10-17 18:19:32,882 INFO  [main] Valid_123 was typed into loginPage.PasswordField.
2023-10-17 18:19:32,921 INFO  [main] Clicking on element loginPage.LoginButton
2023-10-17 18:19:33,285 INFO  [main] Wrong username or password. is the reponse text from loginErrorMessage
2023-10-17 18:19:33,293 INFO  [main] Expected error message showed up.
]]></system-out>
    <system-err><![CDATA[SLF4J: Failed to load class "org.slf4j.impl.StaticLoggerBinder".
SLF4J: Defaulting to no-operation (NOP) logger implementation
SLF4J: See http://www.slf4j.org/codes.html#StaticLoggerBinder for further details.
??? 17, 2023 6:19:27 ??.??. org.openqa.selenium.devtools.CdpVersionFinder findNearestMatch
WARNING: Unable to find an exact match for CDP version 118, so returning the closest version found: 115
]]></system-err>
  </testcase>
  <testcase name="login_when_invalidCredentialsArePassed(String, String)[2]" classname="WEare.publicpart.LoginTests" time="1.746">
    <system-out><![CDATA[2023-10-17 18:19:34,183 INFO  [main] Clicking on element homepage.signInButton
2023-10-17 18:19:34,622 INFO  [main] Page accessible and navigated successfully.
2023-10-17 18:19:34,690 INFO  [main] Testbot was typed into loginPage.UsernameField.
2023-10-17 18:19:34,776 INFO  [main] vald12 was typed into loginPage.PasswordField.
2023-10-17 18:19:34,804 INFO  [main] Clicking on element loginPage.LoginButton
2023-10-17 18:19:35,174 INFO  [main] Wrong username or password. is the reponse text from loginErrorMessage
2023-10-17 18:19:35,181 INFO  [main] Expected error message showed up.
]]></system-out>
  </testcase>
  <testcase name="login_when_invalidCredentialsArePassed(String, String)[3]" classname="WEare.publicpart.LoginTests" time="1.796">
    <system-out><![CDATA[2023-10-17 18:19:35,948 INFO  [main] Clicking on element homepage.signInButton
2023-10-17 18:19:36,342 INFO  [main] Page accessible and navigated successfully.
2023-10-17 18:19:36,445 INFO  [main]  was typed into loginPage.UsernameField.
2023-10-17 18:19:36,567 INFO  [main] vald12 was typed into loginPage.PasswordField.
2023-10-17 18:19:36,605 INFO  [main] Clicking on element loginPage.LoginButton
2023-10-17 18:19:36,973 INFO  [main] Wrong username or password. is the reponse text from loginErrorMessage
2023-10-17 18:19:36,982 INFO  [main] Expected error message showed up.
]]></system-out>
  </testcase>
  <testcase name="login_when_invalidCredentialsArePassed(String, String)[4]" classname="WEare.publicpart.LoginTests" time="1.594">
    <system-out><![CDATA[2023-10-17 18:19:37,735 INFO  [main] Clicking on element homepage.signInButton
2023-10-17 18:19:38,026 INFO  [main] Page accessible and navigated successfully.
2023-10-17 18:19:38,086 INFO  [main] Testbot was typed into loginPage.UsernameField.
2023-10-17 18:19:38,165 INFO  [main]  was typed into loginPage.PasswordField.
2023-10-17 18:19:38,198 INFO  [main] Clicking on element loginPage.LoginButton
2023-10-17 18:19:38,571 INFO  [main] Wrong username or password. is the reponse text from loginErrorMessage
2023-10-17 18:19:38,580 INFO  [main] Expected error message showed up.
]]></system-out>
  </testcase>
  <testcase name="login_when_invalidCredentialsArePassed(String, String)[5]" classname="WEare.publicpart.LoginTests" time="1.531">
    <system-out><![CDATA[2023-10-17 18:19:39,492 INFO  [main] Clicking on element homepage.signInButton
2023-10-17 18:19:39,651 INFO  [main] Page accessible and navigated successfully.
2023-10-17 18:19:39,703 INFO  [main]  was typed into loginPage.UsernameField.
2023-10-17 18:19:39,775 INFO  [main]  was typed into loginPage.PasswordField.
2023-10-17 18:19:39,799 INFO  [main] Clicking on element loginPage.LoginButton
2023-10-17 18:19:40,104 INFO  [main] Wrong username or password. is the reponse text from loginErrorMessage
2023-10-17 18:19:40,113 INFO  [main] Expected error message showed up.
]]></system-out>
  </testcase>
  <testcase name="login_when_validCredentialsArePassed" classname="WEare.publicpart.LoginTests" time="2.692">
    <system-out><![CDATA[2023-10-17 18:19:40,848 INFO  [main] Clicking on element homepage.signInButton
2023-10-17 18:19:41,188 INFO  [main] Page accessible and navigated successfully.
2023-10-17 18:19:41,263 INFO  [main] Reynaldo was typed into loginPage.UsernameField.
2023-10-17 18:19:41,347 INFO  [main] %IpYpmd*&@e6A1 was typed into loginPage.PasswordField.
2023-10-17 18:19:41,370 INFO  [main] Clicking on element loginPage.LoginButton
2023-10-17 18:19:42,324 INFO  [main] User was successfully logged in.
2023-10-17 18:19:42,372 INFO  [main] Clicking on element homePage.LogoutButton
]]></system-out>
  </testcase>
</testsuite>