<?xml version="1.0" encoding="UTF-8"?>
<testsuite xmlns:xsi="http://www.w3.org/2001/XMLSchema-instance" xsi:noNamespaceSchemaLocation="https://maven.apache.org/surefire/maven-surefire-plugin/xsd/surefire-test-report-3.0.xsd" version="3.0" name="WEare.privatepart.PostsTests" time="89.7" tests="5" errors="0" skipped="0" failures="0">
  <properties>
[...]
</properties>
  <testcase name="editPublicPost_when_editPostButtonClicked" classname="WEare.privatepart.PostsTests" time="19.601">
    <system-out><![CDATA[2023-10-16 21:00:42,161 INFO  [main] Initializing WebDriver
2023-10-16 21:00:43,250 INFO  [main] Initializing WebDriver
2023-10-16 21:00:44,191 INFO  [main] Initializing WebDriver
2023-10-16 21:00:44,191 INFO  [main] Initializing WebDriver
2023-10-16 21:00:44,191 INFO  [main] Initializing WebDriver
2023-10-16 21:00:44,191 INFO  [main] Initializing WebDriver
2023-10-16 21:00:44,191 INFO  [main] Initializing WebDriver
2023-10-16 21:00:44,191 INFO  [main] Initializing WebDriver
2023-10-16 21:00:44,191 INFO  [main] Initializing WebDriver
2023-10-16 21:00:44,191 INFO  [main] Initializing WebDriver
2023-10-16 21:00:44,201 INFO  [main] The follow username was generated: Aurora
2023-10-16 21:00:44,201 INFO  [main] The follow password was generated: Aurora
Request method:	POST
Request URI:	http://localhost:8081/api/users/
Proxy:			<none>
Request params:	<none>
Query params:	<none>
Form params:	<none>
Path params:	<none>
Headers:		Accept=*/*
				Content-Type=application/json
Cookies:		<none>
Multiparts:		<none>
Body:
{
    "authorities": [
        "ROLE_USER"
    ],
    "category": {
        "id": "100",
        "name": "All"
    },
    "confirmPassword": "74p#L#&8n",
    "email": "beckie.oconnell@yahoo.com",
    "password": "74p#L#&8n",
    "username": "Aurora"
}
Request method:	POST
Request URI:	http://localhost:8081/api/post/auth/creator
Proxy:			<none>
Request params:	<none>
Query params:	<none>
Form params:	<none>
Path params:	<none>
Headers:		Accept=*/*
				Content-Type=application/json
Cookies:		JSESSIONID=C3753DCFBBE8E12A0EEDDF39A200B12B;Path=/;HttpOnly
Multiparts:		<none>
Body:
{
    "content": "This post was made by Selenium WebDriver.",
    "picture": "No picture",
    "public": "true"
}
2023-10-16 21:00:45,561 INFO  [main] Clicking on element homepage.signInButton
2023-10-16 21:00:45,809 INFO  [main] Aurora was typed into loginPage.UsernameField.
2023-10-16 21:00:45,892 INFO  [main] 74p#L#&8n was typed into loginPage.PasswordField.
2023-10-16 21:00:45,923 INFO  [main] Clicking on element loginPage.LoginButton
2023-10-16 21:00:47,086 INFO  [main] Clicking on element homepage.latestPostsButton
2023-10-16 21:01:00,143 INFO  [main] Page accessible and navigated successfully.
2023-10-16 21:01:00,192 INFO  [main] Clicking on element posts.explorePostsByUserName
2023-10-16 21:01:01,621 INFO  [main] Page accessible and navigated successfully.
2023-10-16 21:01:01,652 INFO  [main] Clicking on element posts.editPost
2023-10-16 21:01:02,425 INFO  [main] Page accessible and navigated successfully.
2023-10-16 21:01:02,982 INFO  [main] Clicking on element posts.visibility
2023-10-16 21:01:03,075 INFO  [main] Clicking on element posts.publicVisibility
2023-10-16 21:01:03,126 INFO  [main] Clicking on element posts.commentField
2023-10-16 21:01:03,346 INFO  [main] This post was edited by Selenium WebDriver. was typed into posts.commentField.
2023-10-16 21:01:03,347 INFO  [main] Comment was set to : "This post was edited by Selenium WebDriver."
2023-10-16 21:01:03,347 INFO  [main] Clicking on element posts.savePostButton
2023-10-16 21:01:06,647 INFO  [main] Public post was edited successfully.
]]></system-out>
    <system-err><![CDATA[??? 16, 2023 9:00:43 ??.??. org.openqa.selenium.devtools.CdpVersionFinder findNearestMatch
WARNING: Unable to find an exact match for CDP version 117, so returning the closest version found: 115
]]></system-err>
  </testcase>
  <testcase name="dislikePublicPost_when_dislikeButtonClicked" classname="WEare.privatepart.PostsTests" time="14.541">
    <system-out><![CDATA[Request method:	POST
Request URI:	http://localhost:8081/api/post/auth/likesUp?postId=377
Proxy:			<none>
Request params:	<none>
Query params:	<none>
Form params:	<none>
Path params:	<none>
Headers:		Accept=*/*
				Content-Type=application/json
Cookies:		JSESSIONID=84689BB5D224B978866B763BE3501552;Path=/;HttpOnly
Multiparts:		<none>
Body:			<none>
2023-10-16 21:01:07,939 INFO  [main] Clicking on element homepage.latestPostsButton
2023-10-16 21:01:21,095 INFO  [main] Page accessible and navigated successfully.
2023-10-16 21:01:21,119 INFO  [main] Clicking on element posts.clickDislikeByUserName
2023-10-16 21:01:21,192 INFO  [main] Public post was disliked successfully.
]]></system-out>
  </testcase>
  <testcase name="deletePost_when_deleteButtonClicked" classname="WEare.privatepart.PostsTests" time="18.014">
    <system-out><![CDATA[Request method:	POST
Request URI:	http://localhost:8081/api/post/auth/creator
Proxy:			<none>
Request params:	<none>
Query params:	<none>
Form params:	<none>
Path params:	<none>
Headers:		Accept=*/*
				Content-Type=application/json
Cookies:		JSESSIONID=17AD252D886089AFED1031CA5F95C3A3;Path=/;HttpOnly
Multiparts:		<none>
Body:
{
    "content": "This post was made by Selenium WebDriver.",
    "picture": "No picture",
    "public": "true"
}
2023-10-16 21:01:22,119 INFO  [main] Clicking on element homepage.latestPostsButton
2023-10-16 21:01:35,202 INFO  [main] Page accessible and navigated successfully.
2023-10-16 21:01:35,246 INFO  [main] Clicking on element posts.explorePostsByUserName
2023-10-16 21:01:36,647 INFO  [main] Page accessible and navigated successfully.
2023-10-16 21:01:36,670 INFO  [main] Clicking on element posts.deletePost
2023-10-16 21:01:37,379 INFO  [main] Page accessible and navigated successfully.
2023-10-16 21:01:37,919 INFO  [main] Clicking on element posts.deleteDropDown
2023-10-16 21:01:38,010 INFO  [main] Clicking on element posts.selectDeleteDropDown
2023-10-16 21:01:38,057 INFO  [main] Clicking on element posts.submitButton
2023-10-16 21:01:39,175 INFO  [main] Public post was deleted successfully.
]]></system-out>
  </testcase>
  <testcase name="likePublicPost_when_likeButtonClicked" classname="WEare.privatepart.PostsTests" time="14.925">
    <system-out><![CDATA[2023-10-16 21:01:39,247 INFO  [main] Clicking on element homepage.latestPostsButton
2023-10-16 21:01:52,998 INFO  [main] Page accessible and navigated successfully.
2023-10-16 21:01:53,024 INFO  [main] Clicking on element posts.clickLikeByUserName
2023-10-16 21:01:54,135 INFO  [main] Public post was liked successfully.
]]></system-out>
  </testcase>
  <testcase name="createPublicPost_when_addNewPostButtonClicked" classname="WEare.privatepart.PostsTests" time="15.455">
    <system-out><![CDATA[2023-10-16 21:01:54,166 INFO  [main] Clicking on element homepage.latestPostsButton
2023-10-16 21:02:07,048 INFO  [main] Page accessible and navigated successfully.
2023-10-16 21:02:07,075 INFO  [main] Clicking on element posts.addNewPost
2023-10-16 21:02:07,884 INFO  [main] Clicking on element posts.visibility
2023-10-16 21:02:07,947 INFO  [main] Clicking on element posts.publicVisibility
2023-10-16 21:02:07,986 INFO  [main] Clicking on element posts.commentField
2023-10-16 21:02:08,097 INFO  [main] This post was made by Selenium WebDriver. was typed into posts.commentField.
2023-10-16 21:02:08,097 INFO  [main] Comment was set to : "This post was made by Selenium WebDriver."
2023-10-16 21:02:08,097 INFO  [main] Clicking on element posts.savePostButton
2023-10-16 21:02:09,591 INFO  [main] New public post was created successfully.
]]></system-out>
  </testcase>
</testsuite>